<?xml version="1.0" encoding="UTF-8"?>
<robot generator="Robot 6.1.1 (Python 3.11.1 on win32)" generated="20240209 07:41:49.954" rpa="false" schemaversion="4">
<suite id="s1" name="Valid Login Csv Suite" source="C:\Users\ASATEESH\PycharmProjects\HealthRecord_Robot\test\1__login_suite\valid_login_csv_suite.robot">
<test id="s1-t1" name="Test Valid Login" line="12">
<kw name="Launch browser and navigate to URL" library="CommonFunctionality" type="SETUP">
<kw name="Open Browser" library="SeleniumLibrary">
<arg>browser=${BROWSER}</arg>
<doc>Opens a new browser instance to the optional ``url``.</doc>
<msg timestamp="20240209 07:41:50.100" level="INFO">Opening browser 'googlechrome' to base url 'None'.</msg>
<status status="PASS" starttime="20240209 07:41:50.100" endtime="20240209 07:41:56.590"/>
</kw>
<kw name="Maximize Browser Window" library="SeleniumLibrary">
<doc>Maximizes current browser window.</doc>
<status status="PASS" starttime="20240209 07:41:56.591" endtime="20240209 07:41:56.713"/>
</kw>
<kw name="Set Browser Implicit Wait" library="SeleniumLibrary">
<arg>10s</arg>
<doc>Sets the implicit wait value used by Selenium.</doc>
<status status="PASS" starttime="20240209 07:41:56.714" endtime="20240209 07:41:56.715"/>
</kw>
<kw name="Go To" library="SeleniumLibrary">
<arg>url=${URL}</arg>
<doc>Navigates the current browser window to the provided ``url``.</doc>
<msg timestamp="20240209 07:41:56.715" level="INFO">Opening url 'http://demo.openemr.io/b/openemr/'</msg>
<status status="PASS" starttime="20240209 07:41:56.715" endtime="20240209 07:42:01.994"/>
</kw>
<status status="PASS" starttime="20240209 07:41:50.099" endtime="20240209 07:42:01.994"/>
</kw>
<kw name="Test Template for Valid Login">
<arg>accountant</arg>
<arg>accountant</arg>
<arg>English (Indian)</arg>
<arg>OpenEMR</arg>
<kw name="Input Text" library="SeleniumLibrary">
<arg>id=authUser</arg>
<arg>${username}</arg>
<doc>Types the given ``text`` into the text field identified by ``locator``.</doc>
<msg timestamp="20240209 07:42:01.996" level="INFO">Typing text 'accountant' into text field 'id=authUser'.</msg>
<msg timestamp="20240209 07:42:01.998" level="WARN">Keyword 'Capture Page Screenshot' could not be run on failure: Message: no such window: target window already closed
from unknown error: web view not found
  (Session info: chrome=121.0.6167.161)
Stacktrace:
	GetHandleVerifier [0x00007FF78B715E42+3538674]
	(No symbol) [0x00007FF78B334C02]
	(No symbol) [0x00007FF78B1E5AEB]
	(No symbol) [0x00007FF78B1C288C]
	(No symbol) [0x00007FF78B255DD7]
	(No symbol) [0x00007FF78B26B40F]
	(No symbol) [0x00007FF78B24EE53]
	(No symbol) [0x00007FF78B21F514]
	(No symbol) [0x00007FF78B220631]
	GetHandleVerifier [0x00007FF78B746CAD+3738973]
	GetHandleVerifier [0x00007FF78B79C506+4089270]
	GetHandleVerifier [0x00007FF78B794823+4057299]
	GetHandleVerifier [0x00007FF78B465C49+720121]
	(No symbol) [0x00007FF78B34126F]
	(No symbol) [0x00007FF78B33C304]
	(No symbol) [0x00007FF78B33C432]
	(No symbol) [0x00007FF78B32BD04]
	(No symbol) [0x00007FFDDC227344]
	RtlUserThreadStart [0x00007FFDDD0026B1+33]
</msg>
<msg timestamp="20240209 07:42:01.999" level="FAIL">NoSuchWindowException: Message: no such window: target window already closed
from unknown error: web view not found
  (Session info: chrome=121.0.6167.161)
Stacktrace:
	GetHandleVerifier [0x00007FF78B715E42+3538674]
	(No symbol) [0x00007FF78B334C02]
	(No symbol) [0x00007FF78B1E5AEB]
	(No symbol) [0x00007FF78B1C288C]
	(No symbol) [0x00007FF78B255DD7]
	(No symbol) [0x00007FF78B26B40F]
	(No symbol) [0x00007FF78B24EE53]
	(No symbol) [0x00007FF78B21F514]
	(No symbol) [0x00007FF78B220631]
	GetHandleVerifier [0x00007FF78B746CAD+3738973]
	GetHandleVerifier [0x00007FF78B79C506+4089270]
	GetHandleVerifier [0x00007FF78B794823+4057299]
	GetHandleVerifier [0x00007FF78B465C49+720121]
	(No symbol) [0x00007FF78B34126F]
	(No symbol) [0x00007FF78B33C304]
	(No symbol) [0x00007FF78B33C432]
	(No symbol) [0x00007FF78B32BD04]
	(No symbol) [0x00007FFDDC227344]
	RtlUserThreadStart [0x00007FFDDD0026B1+33]
</msg>
<status status="FAIL" starttime="20240209 07:42:01.995" endtime="20240209 07:42:02.001"/>
</kw>
<kw name="Input Password" library="SeleniumLibrary">
<arg>id=clearPass</arg>
<arg>${password}</arg>
<doc>Types the given password into the text field identified by ``locator``.</doc>
<status status="NOT RUN" starttime="20240209 07:42:02.002" endtime="20240209 07:42:02.002"/>
</kw>
<kw name="Select From List By Label" library="SeleniumLibrary">
<arg>xpath=//select[@name='languageChoice']</arg>
<arg>${language}</arg>
<doc>Selects options from selection list ``locator`` by ``labels``.</doc>
<status status="NOT RUN" starttime="20240209 07:42:02.002" endtime="20240209 07:42:02.002"/>
</kw>
<kw name="Click Element" library="SeleniumLibrary">
<arg>id=login-button</arg>
<doc>Click the element identified by ``locator``.</doc>
<status status="NOT RUN" starttime="20240209 07:42:02.002" endtime="20240209 07:42:02.002"/>
</kw>
<kw name="Title Should Be" library="SeleniumLibrary">
<arg>${expected_title}</arg>
<doc>Verifies that the current page title equals ``title``.</doc>
<status status="NOT RUN" starttime="20240209 07:42:02.002" endtime="20240209 07:42:02.002"/>
</kw>
<status status="FAIL" starttime="20240209 07:42:01.995" endtime="20240209 07:42:02.003"/>
</kw>
<kw name="Close Browser" library="SeleniumLibrary" type="TEARDOWN">
<doc>Closes the current browser.</doc>
<status status="PASS" starttime="20240209 07:42:02.003" endtime="20240209 07:42:04.136"/>
</kw>
<status status="FAIL" starttime="20240209 07:41:50.098" endtime="20240209 07:42:04.136">NoSuchWindowException: Message: no such window: target window already closed
from unknown error: web view not found
  (Session info: chrome=121.0.6167.161)
Stacktrace:
	GetHandleVerifier [0x00007FF78B715E42+3538674]
	(No symbol) [0x00007FF78B334C02]
	(No symbol) [0x00007FF78B1E5AEB]
	(No symbol) [0x00007FF78B1C288C]
	(No symbol) [0x00007FF78B255DD7]
	(No symbol) [0x00007FF78B26B40F]
	(No symbol) [0x00007FF78B24EE53]
	(No symbol) [0x00007FF78B21F514]
	(No symbol) [0x00007FF78B220631]
	GetHandleVerifier [0x00007FF78B746CAD+3738973]
	GetHandleVerifier [0x00007FF78B79C506+4089270]
	GetHandleVerifier [0x00007FF78B794823+4057299]
	GetHandleVerifier [0x00007FF78B465C49+720121]
	(No symbol) [0x00007FF78B34126F]
	(No symbol) [0x00007FF78B33C304]
	(No symbol) [0x00007FF78B33C432]
	(No symbol) [0x00007FF78B32BD04]
	(No symbol) [0x00007FFDDC227344]
	RtlUserThreadStart [0x00007FFDDD0026B1+33]
</status>
</test>
<test id="s1-t2" name="Test Valid Login" line="12">
<kw name="Launch browser and navigate to URL" library="CommonFunctionality" type="SETUP">
<kw name="Open Browser" library="SeleniumLibrary">
<arg>browser=${BROWSER}</arg>
<doc>Opens a new browser instance to the optional ``url``.</doc>
<msg timestamp="20240209 07:42:04.138" level="INFO">Opening browser 'googlechrome' to base url 'None'.</msg>
<status status="PASS" starttime="20240209 07:42:04.138" endtime="20240209 07:42:07.439"/>
</kw>
<kw name="Maximize Browser Window" library="SeleniumLibrary">
<doc>Maximizes current browser window.</doc>
<status status="PASS" starttime="20240209 07:42:07.439" endtime="20240209 07:42:07.556"/>
</kw>
<kw name="Set Browser Implicit Wait" library="SeleniumLibrary">
<arg>10s</arg>
<doc>Sets the implicit wait value used by Selenium.</doc>
<status status="PASS" starttime="20240209 07:42:07.556" endtime="20240209 07:42:07.557"/>
</kw>
<kw name="Go To" library="SeleniumLibrary">
<arg>url=${URL}</arg>
<doc>Navigates the current browser window to the provided ``url``.</doc>
<msg timestamp="20240209 07:42:07.557" level="INFO">Opening url 'http://demo.openemr.io/b/openemr/'</msg>
<status status="PASS" starttime="20240209 07:42:07.557" endtime="20240209 07:42:12.356"/>
</kw>
<status status="PASS" starttime="20240209 07:42:04.138" endtime="20240209 07:42:12.356"/>
</kw>
<kw name="Test Template for Valid Login">
<arg>receptionist</arg>
<arg>receptionist</arg>
<arg>English (Indian)</arg>
<arg>OpenEMR</arg>
<kw name="Input Text" library="SeleniumLibrary">
<arg>id=authUser</arg>
<arg>${username}</arg>
<doc>Types the given ``text`` into the text field identified by ``locator``.</doc>
<msg timestamp="20240209 07:42:12.357" level="INFO">Typing text 'receptionist' into text field 'id=authUser'.</msg>
<status status="PASS" starttime="20240209 07:42:12.357" endtime="20240209 07:42:12.425"/>
</kw>
<kw name="Input Password" library="SeleniumLibrary">
<arg>id=clearPass</arg>
<arg>${password}</arg>
<doc>Types the given password into the text field identified by ``locator``.</doc>
<msg timestamp="20240209 07:42:12.425" level="INFO">Typing password into text field 'id=clearPass'.</msg>
<msg timestamp="20240209 07:42:12.447" level="INFO">Temporally setting log level to: NONE</msg>
<msg timestamp="20240209 07:42:12.482" level="INFO">Log level changed from NONE to INFO.</msg>
<status status="PASS" starttime="20240209 07:42:12.425" endtime="20240209 07:42:12.482"/>
</kw>
<kw name="Select From List By Label" library="SeleniumLibrary">
<arg>xpath=//select[@name='languageChoice']</arg>
<arg>${language}</arg>
<doc>Selects options from selection list ``locator`` by ``labels``.</doc>
<msg timestamp="20240209 07:42:12.483" level="INFO">Selecting options from selection list 'xpath=//select[@name='languageChoice']' by label English (Indian).</msg>
<status status="PASS" starttime="20240209 07:42:12.482" endtime="20240209 07:42:12.531"/>
</kw>
<kw name="Click Element" library="SeleniumLibrary">
<arg>id=login-button</arg>
<doc>Click the element identified by ``locator``.</doc>
<msg timestamp="20240209 07:42:12.532" level="INFO">Clicking element 'id=login-button'.</msg>
<status status="PASS" starttime="20240209 07:42:12.531" endtime="20240209 07:42:19.341"/>
</kw>
<kw name="Title Should Be" library="SeleniumLibrary">
<arg>${expected_title}</arg>
<doc>Verifies that the current page title equals ``title``.</doc>
<msg timestamp="20240209 07:42:19.346" level="INFO">Page title is 'OpenEMR'.</msg>
<status status="PASS" starttime="20240209 07:42:19.341" endtime="20240209 07:42:19.346"/>
</kw>
<status status="PASS" starttime="20240209 07:42:12.356" endtime="20240209 07:42:19.346"/>
</kw>
<kw name="Close Browser" library="SeleniumLibrary" type="TEARDOWN">
<doc>Closes the current browser.</doc>
<status status="PASS" starttime="20240209 07:42:19.346" endtime="20240209 07:42:21.465"/>
</kw>
<status status="PASS" starttime="20240209 07:42:04.137" endtime="20240209 07:42:21.466"/>
</test>
<doc>This doc contains test suite for valid login (push code to GIT)</doc>
<status status="FAIL" starttime="20240209 07:41:49.956" endtime="20240209 07:42:21.466"/>
</suite>
<statistics>
<total>
<stat pass="1" fail="1" skip="0">All Tests</stat>
</total>
<tag>
</tag>
<suite>
<stat pass="1" fail="1" skip="0" id="s1" name="Valid Login Csv Suite">Valid Login Csv Suite</stat>
</suite>
</statistics>
<errors>
<msg timestamp="20240209 07:42:01.998" level="WARN">Keyword 'Capture Page Screenshot' could not be run on failure: Message: no such window: target window already closed
from unknown error: web view not found
  (Session info: chrome=121.0.6167.161)
Stacktrace:
	GetHandleVerifier [0x00007FF78B715E42+3538674]
	(No symbol) [0x00007FF78B334C02]
	(No symbol) [0x00007FF78B1E5AEB]
	(No symbol) [0x00007FF78B1C288C]
	(No symbol) [0x00007FF78B255DD7]
	(No symbol) [0x00007FF78B26B40F]
	(No symbol) [0x00007FF78B24EE53]
	(No symbol) [0x00007FF78B21F514]
	(No symbol) [0x00007FF78B220631]
	GetHandleVerifier [0x00007FF78B746CAD+3738973]
	GetHandleVerifier [0x00007FF78B79C506+4089270]
	GetHandleVerifier [0x00007FF78B794823+4057299]
	GetHandleVerifier [0x00007FF78B465C49+720121]
	(No symbol) [0x00007FF78B34126F]
	(No symbol) [0x00007FF78B33C304]
	(No symbol) [0x00007FF78B33C432]
	(No symbol) [0x00007FF78B32BD04]
	(No symbol) [0x00007FFDDC227344]
	RtlUserThreadStart [0x00007FFDDD0026B1+33]
</msg>
<msg timestamp="20240209 07:42:04.137" level="WARN">Multiple tests with name 'Test Valid Login' executed in suite 'Valid Login Csv Suite'.</msg>
</errors>
</robot>
